# JRE version: OpenJDK Runtime Environment Temurin-19.0.2+7 (19.0.2+7) (build 19.0.2+7)
# Java VM: OpenJDK 64-Bit Server VM Temurin-19.0.2+7 (19.0.2+7, mixed mode, sharing, tiered, compressed oops, compressed class ptrs, g1 gc, windows-amd64)
GC Precious Log:
 CardTable entry size: 512
 Card Set container configuration: InlinePtr #cards 5 size 8 Array Of Cards #cards 12 size 40 Howl #buckets 4 coarsen threshold 1843 Howl Bitmap #cards 512 size 80 coarsen threshold 460 Card regions per heap region 1 cards per card region 2048
 CPUs: 4 total, 4 available
 Memory: 12206M
 Large Page Support: Disabled
 NUMA Support: Disabled
 Compressed Oops: Enabled (32-bit)
 Heap Region Size: 1M
 Heap Min Capacity: 8M
 Heap Initial Capacity: 192M
 Heap Max Capacity: 1G
 Pre-touch: Disabled
 Parallel Workers: 4
 Concurrent Workers: 1
 Concurrent Refinement Workers: 4
 Periodic GC: Disabled
 String Deduplication is enabled
Heap:
 garbage-first heap   total 99328K, used 44276K [0x00000000c0000000, 0x0000000100000000)
  region size 1024K, 26 young (26624K), 9 survivors (9216K)
 Metaspace       used 21688K, committed 22400K, reserved 1114112K
  class space    used 2286K, committed 2624K, reserved 1048576K
GC Heap History (8 events):
Event: 1.702 GC heap before
{Heap before GC invocations=0 (full 0):
 garbage-first heap   total 196608K, used 13312K [0x00000000c0000000, 0x0000000100000000)
  region size 1024K, 13 young (13312K), 0 survivors (0K)
 Metaspace       used 4082K, committed 4224K, reserved 1114112K
  class space    used 391K, committed 448K, reserved 1048576K
}
Event: 2.240 GC heap after
{Heap after GC invocations=1 (full 0):
 garbage-first heap   total 196608K, used 2598K [0x00000000c0000000, 0x0000000100000000)
  region size 1024K, 2 young (2048K), 2 survivors (2048K)
 Metaspace       used 4082K, committed 4224K, reserved 1114112K
  class space    used 391K, committed 448K, reserved 1048576K
}
Event: 7.276 GC heap before
{Heap before GC invocations=1 (full 0):
 garbage-first heap   total 196608K, used 18982K [0x00000000c0000000, 0x0000000100000000)
  region size 1024K, 18 young (18432K), 2 survivors (2048K)
 Metaspace       used 10118K, committed 10496K, reserved 1114112K
  class space    used 1034K, committed 1152K, reserved 1048576K
}
Event: 7.281 GC heap after
{Heap after GC invocations=2 (full 0):
 garbage-first heap   total 196608K, used 4835K [0x00000000c0000000, 0x0000000100000000)
  region size 1024K, 3 young (3072K), 3 survivors (3072K)
 Metaspace       used 10118K, committed 10496K, reserved 1114112K
  class space    used 1034K, committed 1152K, reserved 1048576K
}
Event: 17.399 GC heap before
{Heap before GC invocations=2 (full 0):
 garbage-first heap   total 196608K, used 80611K [0x00000000c0000000, 0x0000000100000000)
  region size 1024K, 66 young (67584K), 3 survivors (3072K)
 Metaspace       used 17588K, committed 18240K, reserved 1114112K
  class space    used 1768K, committed 2048K, reserved 1048576K
}
Event: 17.417 GC heap after
{Heap after GC invocations=3 (full 0):
 garbage-first heap   total 196608K, used 20193K [0x00000000c0000000, 0x0000000100000000)
  region size 1024K, 9 young (9216K), 9 survivors (9216K)
 Metaspace       used 17588K, committed 18240K, reserved 1114112K
  class space    used 1768K, committed 2048K, reserved 1048576K
}
Event: 20.513 GC heap before
{Heap before GC invocations=3 (full 0):
 garbage-first heap   total 196608K, used 60129K [0x00000000c0000000, 0x0000000100000000)
  region size 1024K, 42 young (43008K), 9 survivors (9216K)
 Metaspace       used 20872K, committed 21504K, reserved 1114112K
  class space    used 2180K, committed 2496K, reserved 1048576K
}
Event: 20.526 GC heap after
{Heap after GC invocations=4 (full 0):
 garbage-first heap   total 196608K, used 27892K [0x00000000c0000000, 0x0000000100000000)
  region size 1024K, 9 young (9216K), 9 survivors (9216K)
 Metaspace       used 20872K, committed 21504K, reserved 1114112K
  class space    used 2180K, committed 2496K, reserved 1048576K
}

